<?xml version="1.0" encoding="UTF-8"?>
<!-- Generated by org.testng.reporters.JUnitReportReporter -->
<testsuite hostname="Firuzs-MacBook-Pro.local" failures="0" tests="2" name="SeleniumTest" time="0.005" errors="0" timestamp="07 Jun 2020 04:18:34 GMT" skipped="0">
  <testcase classname="SeleniumTest" name="BrowserAutomation" time="0.005"/>
  <testcase classname="SeleniumTest" name="elementsUI" time="0.000"/>
</testsuite> <!-- SeleniumTest -->
