<?xml version="1.0" encoding="UTF-8"?>
<!-- Generated by org.testng.reporters.JUnitReportReporter -->
<testsuite hostname="Firuzs-MacBook-Pro.local" failures="0" tests="2" name="RESTAPITest" time="0.001" errors="0" timestamp="07 Jun 2020 04:18:34 GMT" skipped="0">
  <testcase classname="RESTAPITest" name="postJira" time="0.000"/>
  <testcase classname="RESTAPITest" name="deleteTwitter" time="0.001"/>
</testsuite> <!-- RESTAPITest -->
